<?xml version="1.0" encoding="UTF-8" ?>
<testsuite errors="0" failures="0" hostname="davids-macbook.local" name="asset.pipeline.HelperGetsJavascriptAssetSpec" skipped="0" tests="7" time="0.069" timestamp="2016-04-22T16:46:21">
  <properties />
  <testcase classname="asset.pipeline.HelperGetsJavascriptAssetSpec" name="gets a javascript file from a uri" time="0.006" />
  <testcase classname="asset.pipeline.HelperGetsJavascriptAssetSpec" name="gets a javascript file given a uri and content type application/javascript" time="0.007" />
  <testcase classname="asset.pipeline.HelperGetsJavascriptAssetSpec" name="gets a javascript file given a uri and content type application/x-javascript" time="0.006" />
  <testcase classname="asset.pipeline.HelperGetsJavascriptAssetSpec" name="gets a javascript file given a uri and content type text/javascript" time="0.005" />
  <testcase classname="asset.pipeline.HelperGetsJavascriptAssetSpec" name="gets a javascript file given a uri and extension()" time="0.006" />
  <testcase classname="asset.pipeline.HelperGetsJavascriptAssetSpec" name="gets a javascript file of different extension given a uri and content type" time="0.007" />
  <testcase classname="asset.pipeline.HelperGetsJavascriptAssetSpec" name="returns null if javascript file doesn&apos;t exist" time="0.026" />
  <system-out><![CDATA[--Output from gets a javascript file from a uri--
--Output from gets a javascript file given a uri and content type application/javascript--
--Output from gets a javascript file given a uri and content type application/x-javascript--
--Output from gets a javascript file given a uri and content type text/javascript--
--Output from gets a javascript file given a uri and extension()--
--Output from gets a javascript file of different extension given a uri and content type--
--Output from returns null if javascript file doesn't exist--
]]></system-out>
  <system-err><![CDATA[--Output from gets a javascript file from a uri--
--Output from gets a javascript file given a uri and content type application/javascript--
--Output from gets a javascript file given a uri and content type application/x-javascript--
--Output from gets a javascript file given a uri and content type text/javascript--
--Output from gets a javascript file given a uri and extension()--
--Output from gets a javascript file of different extension given a uri and content type--
--Output from returns null if javascript file doesn't exist--
]]></system-err>
</testsuite>
