<?xml version="1.0" encoding="UTF-8" ?>
<testsuite errors="0" failures="0" hostname="davids-macbook.local" name="asset.pipeline.grails.AssetResourceLocatorSpec" skipped="0" tests="2" time="0.061" timestamp="2016-04-22T16:46:21">
  <properties />
  <testcase classname="asset.pipeline.grails.AssetResourceLocatorSpec" name="finds assets when calling for resource in dev mode" time="0.023" />
  <testcase classname="asset.pipeline.grails.AssetResourceLocatorSpec" name="finds asset of image type when calling for resource in dev mode" time="0.033" />
  <system-out><![CDATA[--Output from finds assets when calling for resource in dev mode--
--Output from finds asset of image type when calling for resource in dev mode--
]]></system-out>
  <system-err><![CDATA[--Output from finds assets when calling for resource in dev mode--
--Output from finds asset of image type when calling for resource in dev mode--
]]></system-err>
</testsuite>
