<?xml version="1.0" encoding="UTF-8" ?>
<testsuite errors="0" failures="0" hostname="davids-macbook.local" name="asset.pipeline.HelperGetsCssAssetSpec" skipped="0" tests="3" time="0.03" timestamp="2016-04-22T16:46:21">
  <properties />
  <testcase classname="asset.pipeline.HelperGetsCssAssetSpec" name="gets a css asset from a uri" time="0.009" />
  <testcase classname="asset.pipeline.HelperGetsCssAssetSpec" name="gets a css asset given its uri and contentType" time="0.008" />
  <testcase classname="asset.pipeline.HelperGetsCssAssetSpec" name="gets a css asset given its uri and file extension" time="0.007" />
  <system-out><![CDATA[--Output from gets a css asset from a uri--
--Output from gets a css asset given its uri and contentType--
--Output from gets a css asset given its uri and file extension--
]]></system-out>
  <system-err><![CDATA[--Output from gets a css asset from a uri--
--Output from gets a css asset given its uri and contentType--
--Output from gets a css asset given its uri and file extension--
]]></system-err>
</testsuite>
