<?xml version="1.0" encoding="UTF-8" ?>
<testsuite errors="0" failures="0" hostname="davids-macbook.local" name="asset.pipeline.grails.LinkGeneratorSpec" skipped="0" tests="5" time="0.051" timestamp="2016-04-22T16:46:21">
  <properties />
  <testcase classname="asset.pipeline.grails.LinkGeneratorSpec" name="finds assets when calling for resource in dev mode" time="0.016" />
  <testcase classname="asset.pipeline.grails.LinkGeneratorSpec" name="finds assets with absolute path when calling for resource in dev mode" time="0.013" />
  <testcase classname="asset.pipeline.grails.LinkGeneratorSpec" name="find asset path only with no file" time="0.006" />
  <testcase classname="asset.pipeline.grails.LinkGeneratorSpec" name="finds asset in precompiled (prod) mode" time="0.006" />
  <testcase classname="asset.pipeline.grails.LinkGeneratorSpec" name="falls back to standard resource lookup if not found in asset pipeline" time="0.006" />
  <system-out><![CDATA[--Output from finds assets when calling for resource in dev mode--
--Output from finds assets with absolute path when calling for resource in dev mode--
--Output from find asset path only with no file--
--Output from finds asset in precompiled (prod) mode--
--Output from falls back to standard resource lookup if not found in asset pipeline--
]]></system-out>
  <system-err><![CDATA[--Output from finds assets when calling for resource in dev mode--
--Output from finds assets with absolute path when calling for resource in dev mode--
--Output from find asset path only with no file--
--Output from finds asset in precompiled (prod) mode--
--Output from falls back to standard resource lookup if not found in asset pipeline--
]]></system-err>
</testsuite>
