<?xml version="1.0" encoding="UTF-8" ?>
<testsuite errors="0" failures="0" hostname="davids-macbook.local" name="asset.pipeline.processors.CssProcessorSpec" skipped="0" tests="2" time="0.116" timestamp="2016-04-22T16:46:21">
  <properties />
  <testcase classname="asset.pipeline.processors.CssProcessorSpec" name="replaces image urls with relative paths" time="0.071" />
  <testcase classname="asset.pipeline.processors.CssProcessorSpec" name="replaces image urls with relative paths and cache digest names in precompiler mode" time="0.044" />
  <system-out><![CDATA[--Output from replaces image urls with relative paths--
--Output from replaces image urls with relative paths and cache digest names in precompiler mode--
]]></system-out>
  <system-err><![CDATA[--Output from replaces image urls with relative paths--
--Output from replaces image urls with relative paths and cache digest names in precompiler mode--
]]></system-err>
</testsuite>
